Generating map for 'Haraldo Albergaria'
1518 photos in the photostream
Extracting photo coordinates and ids...
Batch 1/4 | 485 photo(s) in 246 marker(s)
Batch 2/4 | 977 photo(s) in 572 marker(s)
Batch 3/4 | 1381 photo(s) in 737 marker(s)
Batch 4/4 | 1381 photo(s) in 737 marker(s)
Adding marker(s) to map...
737 new marker(s) will be added to the map
Added marker 1/737
Added marker 2/737
Added marker 3/737
Added marker 4/737
Added marker 5/737
Added marker 6/737
Added marker 7/737
Added marker 8/737
Added marker 9/737
Added marker 10/737
Added marker 11/737
Added marker 12/737
Added marker 13/737
Added marker 14/737
Added marker 15/737
Added marker 16/737
Added marker 17/737
Added marker 18/737
Added marker 19/737
Added marker 20/737
Added marker 21/737
Added marker 22/737
Added marker 23/737
Added marker 24/737
Added marker 25/737
Added marker 26/737
Added marker 27/737
Added marker 28/737
Added marker 29/737
Added marker 30/737
Added marker 31/737
Added marker 32/737
Added marker 33/737
Added marker 34/737
Added marker 35/737
Added marker 36/737
Added marker 37/737
Added marker 38/737
Added marker 39/737
Added marker 40/737
Added marker 41/737
Added marker 42/737
Added marker 43/737
Added marker 44/737
Added marker 45/737
Added marker 46/737
Added marker 47/737
Added marker 48/737
Added marker 49/737
Added marker 50/737
Added marker 51/737
Added marker 52/737
Added marker 53/737
Added marker 54/737
Added marker 55/737
Added marker 56/737
Added marker 57/737
Added marker 58/737
Added marker 59/737
Added marker 60/737
Added marker 61/737
Added marker 62/737
Added marker 63/737
Added marker 64/737
Added marker 65/737
Added marker 66/737
Added marker 67/737
Added marker 68/737
Added marker 69/737
Added marker 70/737
Added marker 71/737
Added marker 72/737
Added marker 73/737
Added marker 74/737
Added marker 75/737
Added marker 76/737
Added marker 77/737
Added marker 78/737
Added marker 79/737
Added marker 80/737
Added marker 81/737
Added marker 82/737
Added marker 83/737
Added marker 84/737
Added marker 85/737
Added marker 86/737
Added marker 87/737
Added marker 88/737
Added marker 89/737
Added marker 90/737
Added marker 91/737
Added marker 92/737
Added marker 93/737
Added marker 94/737
Added marker 95/737
Added marker 96/737
Added marker 97/737
Added marker 98/737
Added marker 99/737
Added marker 100/737
Added marker 101/737
Added marker 102/737
Added marker 103/737
Added marker 104/737
Added marker 105/737
Added marker 106/737
Added marker 107/737
Added marker 108/737
Added marker 109/737
Added marker 110/737
Added marker 111/737
Added marker 112/737
Added marker 113/737
Added marker 114/737
Added marker 115/737
Added marker 116/737
Added marker 117/737
Added marker 118/737
Added marker 119/737
Added marker 120/737
Added marker 121/737
Added marker 122/737
Added marker 123/737
Added marker 124/737
Added marker 125/737
Added marker 126/737
Added marker 127/737
Added marker 128/737
Added marker 129/737
Added marker 130/737
Added marker 131/737
Added marker 132/737
Added marker 133/737
Added marker 134/737
Added marker 135/737
Added marker 136/737
Added marker 137/737
Added marker 138/737
Added marker 139/737
Added marker 140/737
Added marker 141/737
Added marker 142/737
Added marker 143/737
Added marker 144/737
Added marker 145/737
Added marker 146/737
Added marker 147/737
Added marker 148/737
Added marker 149/737
Added marker 150/737
Added marker 151/737
Added marker 152/737
Added marker 153/737
Added marker 154/737
Added marker 155/737
Added marker 156/737
Added marker 157/737
Added marker 158/737
Added marker 159/737
Added marker 160/737
Added marker 161/737
Added marker 162/737
Added marker 163/737
Added marker 164/737
Added marker 165/737
Added marker 166/737
Added marker 167/737
Added marker 168/737
Added marker 169/737
Added marker 170/737
Added marker 171/737
Added marker 172/737
Added marker 173/737
Added marker 174/737
Added marker 175/737
Added marker 176/737
Added marker 177/737
Added marker 178/737
Added marker 179/737
Added marker 180/737
Added marker 181/737
Added marker 182/737
Added marker 183/737
Added marker 184/737
Added marker 185/737
Added marker 186/737
Added marker 187/737
Added marker 188/737
Added marker 189/737
Added marker 190/737
Added marker 191/737
Added marker 192/737
Added marker 193/737
Added marker 194/737
Added marker 195/737
Added marker 196/737
Added marker 197/737
Added marker 198/737
Added marker 199/737
Added marker 200/737
Added marker 201/737
Added marker 202/737
Added marker 203/737
Added marker 204/737
Added marker 205/737
Added marker 206/737
Added marker 207/737
Added marker 208/737
Added marker 209/737
Added marker 210/737
Added marker 211/737
Added marker 212/737
Added marker 213/737
Added marker 214/737
Added marker 215/737
Added marker 216/737
Added marker 217/737
Added marker 218/737
Added marker 219/737
Added marker 220/737
Added marker 221/737
Added marker 222/737
Added marker 223/737
Added marker 224/737
Added marker 225/737
Added marker 226/737
Added marker 227/737
Added marker 228/737
Added marker 229/737
Added marker 230/737
Added marker 231/737
Added marker 232/737
Added marker 233/737
Added marker 234/737
Added marker 235/737
Added marker 236/737
Added marker 237/737
Added marker 238/737
Added marker 239/737
Added marker 240/737
Added marker 241/737
Added marker 242/737
Added marker 243/737
Added marker 244/737
Added marker 245/737
Added marker 246/737
Added marker 247/737
Added marker 248/737
Added marker 249/737
Added marker 250/737
Added marker 251/737
Added marker 252/737
Added marker 253/737
Added marker 254/737
Added marker 255/737
Added marker 256/737
Added marker 257/737
Added marker 258/737
Added marker 259/737
Added marker 260/737
Added marker 261/737
Added marker 262/737
Added marker 263/737
Added marker 264/737
Added marker 265/737
Added marker 266/737
Added marker 267/737
Added marker 268/737
Added marker 269/737
Added marker 270/737
Added marker 271/737
Added marker 272/737
Added marker 273/737
Added marker 274/737
Added marker 275/737
Added marker 276/737
Added marker 277/737
Added marker 278/737
Added marker 279/737
Added marker 280/737
Added marker 281/737
Added marker 282/737
Added marker 283/737
Added marker 284/737
Added marker 285/737
Added marker 286/737
Added marker 287/737
Added marker 288/737
Added marker 289/737
Added marker 290/737
Added marker 291/737
Added marker 292/737
Added marker 293/737
Added marker 294/737
Added marker 295/737
Added marker 296/737
Added marker 297/737
Added marker 298/737
Added marker 299/737
Added marker 300/737
Added marker 301/737
Added marker 302/737
Added marker 303/737
Added marker 304/737
Added marker 305/737
Added marker 306/737
Added marker 307/737
Added marker 308/737
Added marker 309/737
Added marker 310/737
Added marker 311/737
Added marker 312/737
Added marker 313/737
Added marker 314/737
Added marker 315/737
Added marker 316/737
Added marker 317/737
Added marker 318/737
Added marker 319/737
Added marker 320/737
Added marker 321/737
Added marker 322/737
Added marker 323/737
Added marker 324/737
Added marker 325/737
Added marker 326/737
Added marker 327/737
Added marker 328/737
Added marker 329/737
Added marker 330/737
Added marker 331/737
Added marker 332/737
Added marker 333/737
Added marker 334/737
Added marker 335/737
Added marker 336/737
Added marker 337/737
Added marker 338/737
Added marker 339/737
Added marker 340/737
Added marker 341/737
Added marker 342/737
Added marker 343/737
Added marker 344/737
Added marker 345/737
Added marker 346/737
Added marker 347/737
Added marker 348/737
Added marker 349/737
Added marker 350/737
Added marker 351/737
Added marker 352/737
Added marker 353/737
Added marker 354/737
Added marker 355/737
Added marker 356/737
Added marker 357/737
Added marker 358/737
Added marker 359/737
Added marker 360/737
Added marker 361/737
Added marker 362/737
Added marker 363/737
Added marker 364/737
Added marker 365/737
Added marker 366/737
Added marker 367/737
Added marker 368/737
Added marker 369/737
Added marker 370/737
Added marker 371/737
Added marker 372/737
Added marker 373/737
Added marker 374/737
Added marker 375/737
Added marker 376/737
Added marker 377/737
Added marker 378/737
Added marker 379/737
Added marker 380/737
Added marker 381/737
Added marker 382/737
Added marker 383/737
Added marker 384/737
Added marker 385/737
Added marker 386/737
Added marker 387/737
Added marker 388/737
Added marker 389/737
Added marker 390/737
Added marker 391/737
Added marker 392/737
Added marker 393/737
Added marker 394/737
Added marker 395/737
Added marker 396/737
Added marker 397/737
Added marker 398/737
Added marker 399/737
Added marker 400/737
Added marker 401/737
Added marker 402/737
Added marker 403/737
Added marker 404/737
Added marker 405/737
Added marker 406/737
Added marker 407/737
Added marker 408/737
Added marker 409/737
Added marker 410/737
Added marker 411/737
Added marker 412/737
Added marker 413/737
Added marker 414/737
Added marker 415/737
Added marker 416/737
Added marker 417/737
Added marker 418/737
Added marker 419/737
Added marker 420/737
Added marker 421/737
Added marker 422/737
Added marker 423/737
Added marker 424/737
Added marker 425/737
Added marker 426/737
Added marker 427/737
Added marker 428/737
Added marker 429/737
Added marker 430/737
Added marker 431/737
Added marker 432/737
Added marker 433/737
Added marker 434/737
Added marker 435/737
Added marker 436/737
Added marker 437/737
Added marker 438/737
Added marker 439/737
Added marker 440/737
Added marker 441/737
Added marker 442/737
Added marker 443/737
Added marker 444/737
Added marker 445/737
Added marker 446/737
Added marker 447/737
Added marker 448/737
Added marker 449/737
Added marker 450/737
Added marker 451/737
Added marker 452/737
Added marker 453/737
Added marker 454/737
Added marker 455/737
Added marker 456/737
Added marker 457/737
Added marker 458/737
Added marker 459/737
Added marker 460/737
Added marker 461/737
Added marker 462/737
Added marker 463/737
Added marker 464/737
Added marker 465/737
Added marker 466/737
Added marker 467/737
Added marker 468/737
Added marker 469/737
Added marker 470/737
Added marker 471/737
Added marker 472/737
Added marker 473/737
Added marker 474/737
Added marker 475/737
Added marker 476/737
Added marker 477/737
Added marker 478/737
Added marker 479/737
Added marker 480/737
Added marker 481/737
Added marker 482/737
Added marker 483/737
Added marker 484/737
Added marker 485/737
Added marker 486/737
Added marker 487/737
Added marker 488/737
Added marker 489/737
Added marker 490/737
Added marker 491/737
Added marker 492/737
Added marker 493/737
Added marker 494/737
Added marker 495/737
Added marker 496/737
Added marker 497/737
Added marker 498/737
Added marker 499/737
Added marker 500/737
Added marker 501/737
Added marker 502/737
Added marker 503/737
Added marker 504/737
Added marker 505/737
Added marker 506/737
Added marker 507/737
Added marker 508/737
Added marker 509/737
Added marker 510/737
Added marker 511/737
Added marker 512/737
Added marker 513/737
Added marker 514/737
Added marker 515/737
Added marker 516/737
Added marker 517/737
Added marker 518/737
Added marker 519/737
Added marker 520/737
Added marker 521/737
Added marker 522/737
Added marker 523/737
Added marker 524/737
Added marker 525/737
Added marker 526/737
Added marker 527/737
Added marker 528/737
Added marker 529/737
Added marker 530/737
Added marker 531/737
Added marker 532/737
Added marker 533/737
Added marker 534/737
Added marker 535/737
Added marker 536/737
Added marker 537/737
Added marker 538/737
Added marker 539/737
Added marker 540/737
Added marker 541/737
Added marker 542/737
Added marker 543/737
Added marker 544/737
Added marker 545/737
Added marker 546/737
Added marker 547/737
Added marker 548/737
Added marker 549/737
Added marker 550/737
Added marker 551/737
Added marker 552/737
Added marker 553/737
Added marker 554/737
Added marker 555/737
Added marker 556/737
Added marker 557/737
Added marker 558/737
Added marker 559/737
Added marker 560/737
Added marker 561/737
Added marker 562/737
Added marker 563/737
Added marker 564/737
Added marker 565/737
Added marker 566/737
Added marker 567/737
Added marker 568/737
Added marker 569/737
Added marker 570/737
Added marker 571/737
Added marker 572/737
Added marker 573/737
Added marker 574/737
Added marker 575/737
Added marker 576/737
Added marker 577/737
Added marker 578/737
Added marker 579/737
Added marker 580/737
Added marker 581/737
Added marker 582/737
Added marker 583/737
Added marker 584/737
Added marker 585/737
Added marker 586/737
Added marker 587/737
Added marker 588/737
Added marker 589/737
Added marker 590/737
Added marker 591/737
Added marker 592/737
Added marker 593/737
Added marker 594/737
Added marker 595/737
Added marker 596/737
Added marker 597/737
Added marker 598/737
Added marker 599/737
Added marker 600/737
Added marker 601/737
Added marker 602/737
Added marker 603/737
Added marker 604/737
Added marker 605/737
Added marker 606/737
Added marker 607/737
Added marker 608/737
Added marker 609/737
Added marker 610/737
Added marker 611/737
Added marker 612/737
Added marker 613/737
Added marker 614/737
Added marker 615/737
Added marker 616/737
Added marker 617/737
Added marker 618/737
Added marker 619/737
Added marker 620/737
Added marker 621/737
Added marker 622/737
Added marker 623/737
Added marker 624/737
Added marker 625/737
Added marker 626/737
Added marker 627/737
Added marker 628/737
Added marker 629/737
Added marker 630/737
Added marker 631/737
Added marker 632/737
Added marker 633/737
Added marker 634/737
Added marker 635/737
Added marker 636/737
Added marker 637/737
Added marker 638/737
Added marker 639/737
Added marker 640/737
Added marker 641/737
Added marker 642/737
Added marker 643/737
Added marker 644/737
Added marker 645/737
Added marker 646/737
Added marker 647/737
Added marker 648/737
Added marker 649/737
Added marker 650/737
Added marker 651/737
Added marker 652/737
Added marker 653/737
Added marker 654/737
Added marker 655/737
Added marker 656/737
Added marker 657/737
Added marker 658/737
Added marker 659/737
Added marker 660/737
Added marker 661/737
Added marker 662/737
Added marker 663/737
Added marker 664/737
Added marker 665/737
Added marker 666/737
Added marker 667/737
Added marker 668/737
Added marker 669/737
Added marker 670/737
Added marker 671/737
Added marker 672/737
Added marker 673/737
Added marker 674/737
Added marker 675/737
Added marker 676/737
Added marker 677/737
Added marker 678/737
Added marker 679/737
Added marker 680/737
Added marker 681/737
Added marker 682/737
Added marker 683/737
Added marker 684/737
Added marker 685/737
Added marker 686/737
Added marker 687/737
Added marker 688/737
Added marker 689/737
Added marker 690/737
Added marker 691/737
Added marker 692/737
Added marker 693/737
Added marker 694/737
Added marker 695/737
Added marker 696/737
Added marker 697/737
Added marker 698/737
Added marker 699/737
Added marker 700/737
Added marker 701/737
Added marker 702/737
Added marker 703/737
Added marker 704/737
Added marker 705/737
Added marker 706/737
Added marker 707/737
Added marker 708/737
Added marker 709/737
Added marker 710/737
Added marker 711/737
Added marker 712/737
Added marker 713/737
Added marker 714/737
Added marker 715/737
Added marker 716/737
Added marker 717/737
Added marker 718/737
Added marker 719/737
Added marker 720/737
Added marker 721/737
Added marker 722/737
Added marker 723/737
Added marker 724/737
Added marker 725/737
Added marker 726/737
Added marker 727/737
Added marker 728/737
Added marker 729/737
Added marker 730/737
Added marker 731/737
Added marker 732/737
Added marker 733/737
Added marker 734/737
Added marker 735/737
Added marker 736/737
Added marker 737/737
Finished!
